<?xml version="1.0" encoding="UTF-8"?>
<!-- Generated by org.testng.reporters.JUnitReportReporter -->
<testsuite hostname="DESKTOP-ILML59F" failures="0" tests="1" name="pk1.DemoblazeTest" time="4.633" errors="0" timestamp="2024-11-04T09:50:38 IST" skipped="0">
  <testcase classname="pk1.DemoblazeTest" name="flightbooking" time="4.633"/>
</testsuite> <!-- pk1.DemoblazeTest -->
